Rules useless in parser due to conflicts

   40 StmtList: StmtListRpt
   41         | %empty

   42 StmtListRpt: StmtListRpt Stmt
   43            | Stmt

   93 ExprList: Expr
   94         | ExprList ',' Expr


State 34 conflicts: 1 reduce/reduce
State 71 conflicts: 1 reduce/reduce
State 72 conflicts: 22 reduce/reduce
State 111 conflicts: 22 reduce/reduce
State 143 conflicts: 2 reduce/reduce
State 189 conflicts: 2 reduce/reduce


Grammar

    0 $accept: Program $end

    1 Program: DeclList

    2 DeclList: DeclList Decl
    3         | Decl

    4 Decl: VarDecl
    5     | FnDecl
    6     | ClassDecl
    7     | InterfaceDecl

    8 VarDecl: Variable ';'

    9 Variable: Type T_Identifier

   10 Type: T_Int
   11     | T_Double
   12     | T_Bool
   13     | T_String
   14     | T_Identifier
   15     | Type T_Dims

   16 FnDecl: FnHeader StmtBlock

   17 FnHeader: Type T_Identifier '(' Formals ')'
   18         | T_Void T_Identifier '(' Formals ')'

   19 Formals: FormalList
   20        | %empty

   21 FormalList: FormalList ',' Variable
   22           | Variable

   23 StmtBlock: '{' VarDecls StmtList '}'

   24 VarDecls: VarDecls VarDecl
   25         | %empty

   26 StmtList: StmtListRpt
   27         | %empty

   28 StmtListRpt: StmtListRpt Stmt
   29            | Stmt

   30 ExprList: Expr
   31         | ExprList ',' Expr

   32 Stmt: Expr ';'
   33     | IfStmt
   34     | WhileStmt
   35     | ForStmt
   36     | BreakStmt
   37     | ReturnStmt
   38     | PrintStmt
   39     | StmtBlock

   40 StmtList: StmtListRpt
   41         | %empty

   42 StmtListRpt: StmtListRpt Stmt
   43            | Stmt

   44 Constant: T_IntConstant
   45         | T_DoubleConstant
   46         | T_BoolConstant
   47         | T_StringConstant
   48         | T_Null

   49 IfStmt: T_If '(' Expr ')' Stmt ElseStmt

   50 ElseStmt: T_Else Stmt
   51         | %empty

   52 WhileStmt: T_While '(' Expr ')' Stmt

   53 ForStmt: T_For '(' PossExpr ';' Expr ';' PossExpr ')' Stmt

   54 ReturnStmt: T_Return PossExpr ';'

   55 BreakStmt: T_Break ';'

   56 PrintStmt: T_Print '(' ExprList ')' ';'

   57 PossExpr: Expr
   58         | %empty

   59 Call: T_Identifier '(' Actuals ')'
   60     | Expr '.' T_Identifier '(' Actuals ')'

   61 LValue: Expr '.' T_Identifier
   62       | Expr '[' Expr ']'
   63       | T_Identifier

   64 Expr: T_This
   65     | LValue T_PostIncrement
   66     | LValue T_PostDecrement
   67     | Call
   68     | LValue
   69     | Constant
   70     | '(' Expr ')'
   71     | T_ReadInteger '(' ')'
   72     | T_ReadLine '(' ')'
   73     | T_New '(' T_Identifier ')'
   74     | T_NewArray '(' Expr ',' Type ')'
   75     | Expr '=' Expr
   76     | Expr '+' Expr
   77     | Expr '-' Expr
   78     | Expr '*' Expr
   79     | Expr '/' Expr
   80     | Expr '%' Expr
   81     | Expr '<' Expr
   82     | Expr T_LessEqual Expr
   83     | Expr '>' Expr
   84     | Expr T_GreaterEqual Expr
   85     | Expr T_Equal Expr
   86     | Expr T_NotEqual Expr
   87     | Expr T_And Expr
   88     | Expr T_Or Expr
   89     | '-' Expr
   90     | '!' Expr

   91 Actuals: %empty
   92        | ExprList

   93 ExprList: Expr
   94         | ExprList ',' Expr

   95 ClassDecl: T_Class T_Identifier ExtClause ImpClause '{' FieldList '}'

   96 ExtClause: %empty
   97          | T_Extends T_Identifier

   98 ImpClause: %empty
   99          | T_Implements IdList

  100 IdList: T_Identifier
  101       | IdList ',' T_Identifier

  102 Field: VarDecl
  103      | FnDecl

  104 FieldList: %empty
  105          | FieldList Field

  106 InterfaceDecl: T_Interface T_Identifier '{' ProtoLsBegin '}'

  107 Prototype: Type T_Identifier '(' Formals ')' ';'
  108          | T_Void T_Identifier '(' Formals ')' ';'

  109 ProtoLsBegin: %empty
  110             | ProtoList

  111 ProtoList: Prototype
  112          | ProtoList Prototype


Terminals, with rules where they appear

$end (0) 0
'!' (33) 90
'%' (37) 80
'(' (40) 17 18 49 52 53 56 59 60 70 71 72 73 74 107 108
')' (41) 17 18 49 52 53 56 59 60 70 71 72 73 74 107 108
'*' (42) 78
'+' (43) 76
',' (44) 21 31 74 94 101
'-' (45) 77 89
'.' (46) 60 61
'/' (47) 79
';' (59) 8 32 53 54 55 56 107 108
'<' (60) 81
'=' (61) 75
'>' (62) 83
'[' (91) 62
']' (93) 62
'{' (123) 23 95 106
'}' (125) 23 95 106
error (256)
T_Void (258) 18 108
T_Bool (259) 12
T_Int (260) 10
T_Double (261) 11
T_String (262) 13
T_Class (263) 95
T_Dims (264) 15
T_Null (265) 48
T_Extends (266) 97
T_This (267) 64
T_Interface (268) 106
T_Implements (269) 99
T_While (270) 52
T_For (271) 53
T_If (272) 49
T_Return (273) 54
T_Break (274) 55
T_New (275) 73
T_NewArray (276) 74
T_Print (277) 56
T_ReadInteger (278) 71
T_ReadLine (279) 72
T_Identifier (280) 9 14 17 18 59 60 61 63 73 95 97 100 101 106 107
    108
T_StringConstant (281) 47
T_IntConstant (282) 44
T_DoubleConstant (283) 45
T_BoolConstant (284) 46
T_Or (285) 88
T_And (286) 87
T_Equal (287) 85
T_NotEqual (288) 86
T_LessEqual (289) 82
T_GreaterEqual (290) 84
UNARY (291)
T_PostIncrement (292) 65
T_PostDecrement (293) 66
IFBLOCKDONE (294)
T_Else (295) 50


Nonterminals, with rules where they appear

$accept (59)
    on left: 0
Program (60)
    on left: 1, on right: 0
DeclList (61)
    on left: 2 3, on right: 1 2
Decl (62)
    on left: 4 5 6 7, on right: 2 3
VarDecl (63)
    on left: 8, on right: 4 24 102
Variable (64)
    on left: 9, on right: 8 21 22
Type (65)
    on left: 10 11 12 13 14 15, on right: 9 15 17 74 107
FnDecl (66)
    on left: 16, on right: 5 103
FnHeader (67)
    on left: 17 18, on right: 16
Formals (68)
    on left: 19 20, on right: 17 18 107 108
FormalList (69)
    on left: 21 22, on right: 19 21
StmtBlock (70)
    on left: 23, on right: 16 39
VarDecls (71)
    on left: 24 25, on right: 23 24
StmtList (72)
    on left: 26 27 40 41, on right: 23
StmtListRpt (73)
    on left: 28 29 42 43, on right: 26 28 40 42
ExprList (74)
    on left: 30 31 93 94, on right: 31 56 92 94
Stmt (75)
    on left: 32 33 34 35 36 37 38 39, on right: 28 29 42 43 49 50 52
    53
Constant (76)
    on left: 44 45 46 47 48, on right: 69
IfStmt (77)
    on left: 49, on right: 33
ElseStmt (78)
    on left: 50 51, on right: 49
WhileStmt (79)
    on left: 52, on right: 34
ForStmt (80)
    on left: 53, on right: 35
ReturnStmt (81)
    on left: 54, on right: 37
BreakStmt (82)
    on left: 55, on right: 36
PrintStmt (83)
    on left: 56, on right: 38
PossExpr (84)
    on left: 57 58, on right: 53 54
Call (85)
    on left: 59 60, on right: 67
LValue (86)
    on left: 61 62 63, on right: 65 66 68
Expr (87)
    on left: 64 65 66 67 68 69 70 71 72 73 74 75 76 77 78 79 80 81
    82 83 84 85 86 87 88 89 90, on right: 30 31 32 49 52 53 57 60 61
    62 70 74 75 76 77 78 79 80 81 82 83 84 85 86 87 88 89 90 93 94
Actuals (88)
    on left: 91 92, on right: 59 60
ClassDecl (89)
    on left: 95, on right: 6
ExtClause (90)
    on left: 96 97, on right: 95
ImpClause (91)
    on left: 98 99, on right: 95
IdList (92)
    on left: 100 101, on right: 99 101
Field (93)
    on left: 102 103, on right: 105
FieldList (94)
    on left: 104 105, on right: 95 105
InterfaceDecl (95)
    on left: 106, on right: 7
Prototype (96)
    on left: 107 108, on right: 111 112
ProtoLsBegin (97)
    on left: 109 110, on right: 106
ProtoList (98)
    on left: 111 112, on right: 110 112


State 0

    0 $accept: . Program $end

    T_Void        shift, and go to state 1
    T_Bool        shift, and go to state 2
    T_Int         shift, and go to state 3
    T_Double      shift, and go to state 4
    T_String      shift, and go to state 5
    T_Class       shift, and go to state 6
    T_Interface   shift, and go to state 7
    T_Identifier  shift, and go to state 8

    Program        go to state 9
    DeclList       go to state 10
    Decl           go to state 11
    VarDecl        go to state 12
    Variable       go to state 13
    Type           go to state 14
    FnDecl         go to state 15
    FnHeader       go to state 16
    ClassDecl      go to state 17
    InterfaceDecl  go to state 18


State 1

   18 FnHeader: T_Void . T_Identifier '(' Formals ')'

    T_Identifier  shift, and go to state 19


State 2

   12 Type: T_Bool .

    $default  reduce using rule 12 (Type)


State 3

   10 Type: T_Int .

    $default  reduce using rule 10 (Type)


State 4

   11 Type: T_Double .

    $default  reduce using rule 11 (Type)


State 5

   13 Type: T_String .

    $default  reduce using rule 13 (Type)


State 6

   95 ClassDecl: T_Class . T_Identifier ExtClause ImpClause '{' FieldList '}'

    T_Identifier  shift, and go to state 20


State 7

  106 InterfaceDecl: T_Interface . T_Identifier '{' ProtoLsBegin '}'

    T_Identifier  shift, and go to state 21


State 8

   14 Type: T_Identifier .

    $default  reduce using rule 14 (Type)


State 9

    0 $accept: Program . $end

    $end  shift, and go to state 22


State 10

    1 Program: DeclList .
    2 DeclList: DeclList . Decl

    T_Void        shift, and go to state 1
    T_Bool        shift, and go to state 2
    T_Int         shift, and go to state 3
    T_Double      shift, and go to state 4
    T_String      shift, and go to state 5
    T_Class       shift, and go to state 6
    T_Interface   shift, and go to state 7
    T_Identifier  shift, and go to state 8

    $default  reduce using rule 1 (Program)

    Decl           go to state 23
    VarDecl        go to state 12
    Variable       go to state 13
    Type           go to state 14
    FnDecl         go to state 15
    FnHeader       go to state 16
    ClassDecl      go to state 17
    InterfaceDecl  go to state 18


State 11

    3 DeclList: Decl .

    $default  reduce using rule 3 (DeclList)


State 12

    4 Decl: VarDecl .

    $default  reduce using rule 4 (Decl)


State 13

    8 VarDecl: Variable . ';'

    ';'  shift, and go to state 24


State 14

    9 Variable: Type . T_Identifier
   15 Type: Type . T_Dims
   17 FnHeader: Type . T_Identifier '(' Formals ')'

    T_Dims        shift, and go to state 25
    T_Identifier  shift, and go to state 26


State 15

    5 Decl: FnDecl .

    $default  reduce using rule 5 (Decl)


State 16

   16 FnDecl: FnHeader . StmtBlock

    '{'  shift, and go to state 27

    StmtBlock  go to state 28


State 17

    6 Decl: ClassDecl .

    $default  reduce using rule 6 (Decl)


State 18

    7 Decl: InterfaceDecl .

    $default  reduce using rule 7 (Decl)


State 19

   18 FnHeader: T_Void T_Identifier . '(' Formals ')'

    '('  shift, and go to state 29


State 20

   95 ClassDecl: T_Class T_Identifier . ExtClause ImpClause '{' FieldList '}'

    T_Extends  shift, and go to state 30

    $default  reduce using rule 96 (ExtClause)

    ExtClause  go to state 31


State 21

  106 InterfaceDecl: T_Interface T_Identifier . '{' ProtoLsBegin '}'

    '{'  shift, and go to state 32


State 22

    0 $accept: Program $end .

    $default  accept


State 23

    2 DeclList: DeclList Decl .

    $default  reduce using rule 2 (DeclList)


State 24

    8 VarDecl: Variable ';' .

    $default  reduce using rule 8 (VarDecl)


State 25

   15 Type: Type T_Dims .

    $default  reduce using rule 15 (Type)


State 26

    9 Variable: Type T_Identifier .
   17 FnHeader: Type T_Identifier . '(' Formals ')'

    '('  shift, and go to state 33

    $default  reduce using rule 9 (Variable)


State 27

   23 StmtBlock: '{' . VarDecls StmtList '}'

    $default  reduce using rule 25 (VarDecls)

    VarDecls  go to state 34


State 28

   16 FnDecl: FnHeader StmtBlock .

    $default  reduce using rule 16 (FnDecl)


State 29

   18 FnHeader: T_Void T_Identifier '(' . Formals ')'

    T_Bool        shift, and go to state 2
    T_Int         shift, and go to state 3
    T_Double      shift, and go to state 4
    T_String      shift, and go to state 5
    T_Identifier  shift, and go to state 8

    $default  reduce using rule 20 (Formals)

    Variable    go to state 35
    Type        go to state 36
    Formals     go to state 37
    FormalList  go to state 38


State 30

   97 ExtClause: T_Extends . T_Identifier

    T_Identifier  shift, and go to state 39


State 31

   95 ClassDecl: T_Class T_Identifier ExtClause . ImpClause '{' FieldList '}'

    T_Implements  shift, and go to state 40

    $default  reduce using rule 98 (ImpClause)

    ImpClause  go to state 41


State 32

  106 InterfaceDecl: T_Interface T_Identifier '{' . ProtoLsBegin '}'

    T_Void        shift, and go to state 42
    T_Bool        shift, and go to state 2
    T_Int         shift, and go to state 3
    T_Double      shift, and go to state 4
    T_String      shift, and go to state 5
    T_Identifier  shift, and go to state 8

    $default  reduce using rule 109 (ProtoLsBegin)

    Type          go to state 43
    Prototype     go to state 44
    ProtoLsBegin  go to state 45
    ProtoList     go to state 46


State 33

   17 FnHeader: Type T_Identifier '(' . Formals ')'

    T_Bool        shift, and go to state 2
    T_Int         shift, and go to state 3
    T_Double      shift, and go to state 4
    T_String      shift, and go to state 5
    T_Identifier  shift, and go to state 8

    $default  reduce using rule 20 (Formals)

    Variable    go to state 35
    Type        go to state 36
    Formals     go to state 47
    FormalList  go to state 38


State 34

   23 StmtBlock: '{' VarDecls . StmtList '}'
   24 VarDecls: VarDecls . VarDecl

    T_Bool            shift, and go to state 2
    T_Int             shift, and go to state 3
    T_Double          shift, and go to state 4
    T_String          shift, and go to state 5
    T_Null            shift, and go to state 48
    T_This            shift, and go to state 49
    T_While           shift, and go to state 50
    T_For             shift, and go to state 51
    T_If              shift, and go to state 52
    T_Return          shift, and go to state 53
    T_Break           shift, and go to state 54
    T_New             shift, and go to state 55
    T_NewArray        shift, and go to state 56
    T_Print           shift, and go to state 57
    T_ReadInteger     shift, and go to state 58
    T_ReadLine        shift, and go to state 59
    T_Identifier      shift, and go to state 60
    T_StringConstant  shift, and go to state 61
    T_IntConstant     shift, and go to state 62
    T_DoubleConstant  shift, and go to state 63
    T_BoolConstant    shift, and go to state 64
    '-'               shift, and go to state 65
    '!'               shift, and go to state 66
    '('               shift, and go to state 67
    '{'               shift, and go to state 27

    '}'       reduce using rule 27 (StmtList)
    '}'       [reduce using rule 41 (StmtList)]
    $default  reduce using rule 27 (StmtList)

    VarDecl      go to state 68
    Variable     go to state 13
    Type         go to state 36
    StmtBlock    go to state 69
    StmtList     go to state 70
    StmtListRpt  go to state 71
    Stmt         go to state 72
    Constant     go to state 73
    IfStmt       go to state 74
    WhileStmt    go to state 75
    ForStmt      go to state 76
    ReturnStmt   go to state 77
    BreakStmt    go to state 78
    PrintStmt    go to state 79
    Call         go to state 80
    LValue       go to state 81
    Expr         go to state 82


State 35

   22 FormalList: Variable .

    $default  reduce using rule 22 (FormalList)


State 36

    9 Variable: Type . T_Identifier
   15 Type: Type . T_Dims

    T_Dims        shift, and go to state 25
    T_Identifier  shift, and go to state 83


State 37

   18 FnHeader: T_Void T_Identifier '(' Formals . ')'

    ')'  shift, and go to state 84


State 38

   19 Formals: FormalList .
   21 FormalList: FormalList . ',' Variable

    ','  shift, and go to state 85

    $default  reduce using rule 19 (Formals)


State 39

   97 ExtClause: T_Extends T_Identifier .

    $default  reduce using rule 97 (ExtClause)


State 40

   99 ImpClause: T_Implements . IdList

    T_Identifier  shift, and go to state 86

    IdList  go to state 87


State 41

   95 ClassDecl: T_Class T_Identifier ExtClause ImpClause . '{' FieldList '}'

    '{'  shift, and go to state 88


State 42

  108 Prototype: T_Void . T_Identifier '(' Formals ')' ';'

    T_Identifier  shift, and go to state 89


State 43

   15 Type: Type . T_Dims
  107 Prototype: Type . T_Identifier '(' Formals ')' ';'

    T_Dims        shift, and go to state 25
    T_Identifier  shift, and go to state 90


State 44

  111 ProtoList: Prototype .

    $default  reduce using rule 111 (ProtoList)


State 45

  106 InterfaceDecl: T_Interface T_Identifier '{' ProtoLsBegin . '}'

    '}'  shift, and go to state 91


State 46

  110 ProtoLsBegin: ProtoList .
  112 ProtoList: ProtoList . Prototype

    T_Void        shift, and go to state 42
    T_Bool        shift, and go to state 2
    T_Int         shift, and go to state 3
    T_Double      shift, and go to state 4
    T_String      shift, and go to state 5
    T_Identifier  shift, and go to state 8

    $default  reduce using rule 110 (ProtoLsBegin)

    Type       go to state 43
    Prototype  go to state 92


State 47

   17 FnHeader: Type T_Identifier '(' Formals . ')'

    ')'  shift, and go to state 93


State 48

   48 Constant: T_Null .

    $default  reduce using rule 48 (Constant)


State 49

   64 Expr: T_This .

    $default  reduce using rule 64 (Expr)


State 50

   52 WhileStmt: T_While . '(' Expr ')' Stmt

    '('  shift, and go to state 94


State 51

   53 ForStmt: T_For . '(' PossExpr ';' Expr ';' PossExpr ')' Stmt

    '('  shift, and go to state 95


State 52

   49 IfStmt: T_If . '(' Expr ')' Stmt ElseStmt

    '('  shift, and go to state 96


State 53

   54 ReturnStmt: T_Return . PossExpr ';'

    T_Null            shift, and go to state 48
    T_This            shift, and go to state 49
    T_New             shift, and go to state 55
    T_NewArray        shift, and go to state 56
    T_ReadInteger     shift, and go to state 58
    T_ReadLine        shift, and go to state 59
    T_Identifier      shift, and go to state 97
    T_StringConstant  shift, and go to state 61
    T_IntConstant     shift, and go to state 62
    T_DoubleConstant  shift, and go to state 63
    T_BoolConstant    shift, and go to state 64
    '-'               shift, and go to state 65
    '!'               shift, and go to state 66
    '('               shift, and go to state 67

    $default  reduce using rule 58 (PossExpr)

    Constant  go to state 73
    PossExpr  go to state 98
    Call      go to state 80
    LValue    go to state 81
    Expr      go to state 99


State 54

   55 BreakStmt: T_Break . ';'

    ';'  shift, and go to state 100


State 55

   73 Expr: T_New . '(' T_Identifier ')'

    '('  shift, and go to state 101


State 56

   74 Expr: T_NewArray . '(' Expr ',' Type ')'

    '('  shift, and go to state 102


State 57

   56 PrintStmt: T_Print . '(' ExprList ')' ';'

    '('  shift, and go to state 103


State 58

   71 Expr: T_ReadInteger . '(' ')'

    '('  shift, and go to state 104


State 59

   72 Expr: T_ReadLine . '(' ')'

    '('  shift, and go to state 105


State 60

   14 Type: T_Identifier .
   59 Call: T_Identifier . '(' Actuals ')'
   63 LValue: T_Identifier .

    '('  shift, and go to state 106

    T_Dims        reduce using rule 14 (Type)
    T_Identifier  reduce using rule 14 (Type)
    $default      reduce using rule 63 (LValue)


State 61

   47 Constant: T_StringConstant .

    $default  reduce using rule 47 (Constant)


State 62

   44 Constant: T_IntConstant .

    $default  reduce using rule 44 (Constant)


State 63

   45 Constant: T_DoubleConstant .

    $default  reduce using rule 45 (Constant)


State 64

   46 Constant: T_BoolConstant .

    $default  reduce using rule 46 (Constant)


State 65

   89 Expr: '-' . Expr

    T_Null            shift, and go to state 48
    T_This            shift, and go to state 49
    T_New             shift, and go to state 55
    T_NewArray        shift, and go to state 56
    T_ReadInteger     shift, and go to state 58
    T_ReadLine        shift, and go to state 59
    T_Identifier      shift, and go to state 97
    T_StringConstant  shift, and go to state 61
    T_IntConstant     shift, and go to state 62
    T_DoubleConstant  shift, and go to state 63
    T_BoolConstant    shift, and go to state 64
    '-'               shift, and go to state 65
    '!'               shift, and go to state 66
    '('               shift, and go to state 67

    Constant  go to state 73
    Call      go to state 80
    LValue    go to state 81
    Expr      go to state 107


State 66

   90 Expr: '!' . Expr

    T_Null            shift, and go to state 48
    T_This            shift, and go to state 49
    T_New             shift, and go to state 55
    T_NewArray        shift, and go to state 56
    T_ReadInteger     shift, and go to state 58
    T_ReadLine        shift, and go to state 59
    T_Identifier      shift, and go to state 97
    T_StringConstant  shift, and go to state 61
    T_IntConstant     shift, and go to state 62
    T_DoubleConstant  shift, and go to state 63
    T_BoolConstant    shift, and go to state 64
    '-'               shift, and go to state 65
    '!'               shift, and go to state 66
    '('               shift, and go to state 67

    Constant  go to state 73
    Call      go to state 80
    LValue    go to state 81
    Expr      go to state 108


State 67

   70 Expr: '(' . Expr ')'

    T_Null            shift, and go to state 48
    T_This            shift, and go to state 49
    T_New             shift, and go to state 55
    T_NewArray        shift, and go to state 56
    T_ReadInteger     shift, and go to state 58
    T_ReadLine        shift, and go to state 59
    T_Identifier      shift, and go to state 97
    T_StringConstant  shift, and go to state 61
    T_IntConstant     shift, and go to state 62
    T_DoubleConstant  shift, and go to state 63
    T_BoolConstant    shift, and go to state 64
    '-'               shift, and go to state 65
    '!'               shift, and go to state 66
    '('               shift, and go to state 67

    Constant  go to state 73
    Call      go to state 80
    LValue    go to state 81
    Expr      go to state 109


State 68

   24 VarDecls: VarDecls VarDecl .

    $default  reduce using rule 24 (VarDecls)


State 69

   39 Stmt: StmtBlock .

    $default  reduce using rule 39 (Stmt)


State 70

   23 StmtBlock: '{' VarDecls StmtList . '}'

    '}'  shift, and go to state 110


State 71

   26 StmtList: StmtListRpt .
   28 StmtListRpt: StmtListRpt . Stmt
   40 StmtList: StmtListRpt .
   42 StmtListRpt: StmtListRpt . Stmt

    T_Null            shift, and go to state 48
    T_This            shift, and go to state 49
    T_While           shift, and go to state 50
    T_For             shift, and go to state 51
    T_If              shift, and go to state 52
    T_Return          shift, and go to state 53
    T_Break           shift, and go to state 54
    T_New             shift, and go to state 55
    T_NewArray        shift, and go to state 56
    T_Print           shift, and go to state 57
    T_ReadInteger     shift, and go to state 58
    T_ReadLine        shift, and go to state 59
    T_Identifier      shift, and go to state 97
    T_StringConstant  shift, and go to state 61
    T_IntConstant     shift, and go to state 62
    T_DoubleConstant  shift, and go to state 63
    T_BoolConstant    shift, and go to state 64
    '-'               shift, and go to state 65
    '!'               shift, and go to state 66
    '('               shift, and go to state 67
    '{'               shift, and go to state 27

    '}'       reduce using rule 26 (StmtList)
    '}'       [reduce using rule 40 (StmtList)]
    $default  reduce using rule 26 (StmtList)

    StmtBlock   go to state 69
    Stmt        go to state 111
    Constant    go to state 73
    IfStmt      go to state 74
    WhileStmt   go to state 75
    ForStmt     go to state 76
    ReturnStmt  go to state 77
    BreakStmt   go to state 78
    PrintStmt   go to state 79
    Call        go to state 80
    LValue      go to state 81
    Expr        go to state 82


State 72

   29 StmtListRpt: Stmt .
   43            | Stmt .

    T_Null            reduce using rule 29 (StmtListRpt)
    T_Null            [reduce using rule 43 (StmtListRpt)]
    T_This            reduce using rule 29 (StmtListRpt)
    T_This            [reduce using rule 43 (StmtListRpt)]
    T_While           reduce using rule 29 (StmtListRpt)
    T_While           [reduce using rule 43 (StmtListRpt)]
    T_For             reduce using rule 29 (StmtListRpt)
    T_For             [reduce using rule 43 (StmtListRpt)]
    T_If              reduce using rule 29 (StmtListRpt)
    T_If              [reduce using rule 43 (StmtListRpt)]
    T_Return          reduce using rule 29 (StmtListRpt)
    T_Return          [reduce using rule 43 (StmtListRpt)]
    T_Break           reduce using rule 29 (StmtListRpt)
    T_Break           [reduce using rule 43 (StmtListRpt)]
    T_New             reduce using rule 29 (StmtListRpt)
    T_New             [reduce using rule 43 (StmtListRpt)]
    T_NewArray        reduce using rule 29 (StmtListRpt)
    T_NewArray        [reduce using rule 43 (StmtListRpt)]
    T_Print           reduce using rule 29 (StmtListRpt)
    T_Print           [reduce using rule 43 (StmtListRpt)]
    T_ReadInteger     reduce using rule 29 (StmtListRpt)
    T_ReadInteger     [reduce using rule 43 (StmtListRpt)]
    T_ReadLine        reduce using rule 29 (StmtListRpt)
    T_ReadLine        [reduce using rule 43 (StmtListRpt)]
    T_Identifier      reduce using rule 29 (StmtListRpt)
    T_Identifier      [reduce using rule 43 (StmtListRpt)]
    T_StringConstant  reduce using rule 29 (StmtListRpt)
    T_StringConstant  [reduce using rule 43 (StmtListRpt)]
    T_IntConstant     reduce using rule 29 (StmtListRpt)
    T_IntConstant     [reduce using rule 43 (StmtListRpt)]
    T_DoubleConstant  reduce using rule 29 (StmtListRpt)
    T_DoubleConstant  [reduce using rule 43 (StmtListRpt)]
    T_BoolConstant    reduce using rule 29 (StmtListRpt)
    T_BoolConstant    [reduce using rule 43 (StmtListRpt)]
    '-'               reduce using rule 29 (StmtListRpt)
    '-'               [reduce using rule 43 (StmtListRpt)]
    '!'               reduce using rule 29 (StmtListRpt)
    '!'               [reduce using rule 43 (StmtListRpt)]
    '('               reduce using rule 29 (StmtListRpt)
    '('               [reduce using rule 43 (StmtListRpt)]
    '{'               reduce using rule 29 (StmtListRpt)
    '{'               [reduce using rule 43 (StmtListRpt)]
    '}'               reduce using rule 29 (StmtListRpt)
    '}'               [reduce using rule 43 (StmtListRpt)]
    $default          reduce using rule 29 (StmtListRpt)


State 73

   69 Expr: Constant .

    $default  reduce using rule 69 (Expr)


State 74

   33 Stmt: IfStmt .

    $default  reduce using rule 33 (Stmt)


State 75

   34 Stmt: WhileStmt .

    $default  reduce using rule 34 (Stmt)


State 76

   35 Stmt: ForStmt .

    $default  reduce using rule 35 (Stmt)


State 77

   37 Stmt: ReturnStmt .

    $default  reduce using rule 37 (Stmt)


State 78

   36 Stmt: BreakStmt .

    $default  reduce using rule 36 (Stmt)


State 79

   38 Stmt: PrintStmt .

    $default  reduce using rule 38 (Stmt)


State 80

   67 Expr: Call .

    $default  reduce using rule 67 (Expr)


State 81

   65 Expr: LValue . T_PostIncrement
   66     | LValue . T_PostDecrement
   68     | LValue .

    T_PostIncrement  shift, and go to state 112
    T_PostDecrement  shift, and go to state 113

    $default  reduce using rule 68 (Expr)


State 82

   32 Stmt: Expr . ';'
   60 Call: Expr . '.' T_Identifier '(' Actuals ')'
   61 LValue: Expr . '.' T_Identifier
   62       | Expr . '[' Expr ']'
   75 Expr: Expr . '=' Expr
   76     | Expr . '+' Expr
   77     | Expr . '-' Expr
   78     | Expr . '*' Expr
   79     | Expr . '/' Expr
   80     | Expr . '%' Expr
   81     | Expr . '<' Expr
   82     | Expr . T_LessEqual Expr
   83     | Expr . '>' Expr
   84     | Expr . T_GreaterEqual Expr
   85     | Expr . T_Equal Expr
   86     | Expr . T_NotEqual Expr
   87     | Expr . T_And Expr
   88     | Expr . T_Or Expr

    '='             shift, and go to state 114
    T_Or            shift, and go to state 115
    T_And           shift, and go to state 116
    T_Equal         shift, and go to state 117
    T_NotEqual      shift, and go to state 118
    '<'             shift, and go to state 119
    T_LessEqual     shift, and go to state 120
    '>'             shift, and go to state 121
    T_GreaterEqual  shift, and go to state 122
    '+'             shift, and go to state 123
    '-'             shift, and go to state 124
    '*'             shift, and go to state 125
    '/'             shift, and go to state 126
    '%'             shift, and go to state 127
    '['             shift, and go to state 128
    '.'             shift, and go to state 129
    ';'             shift, and go to state 130


State 83

    9 Variable: Type T_Identifier .

    $default  reduce using rule 9 (Variable)


State 84

   18 FnHeader: T_Void T_Identifier '(' Formals ')' .

    $default  reduce using rule 18 (FnHeader)


State 85

   21 FormalList: FormalList ',' . Variable

    T_Bool        shift, and go to state 2
    T_Int         shift, and go to state 3
    T_Double      shift, and go to state 4
    T_String      shift, and go to state 5
    T_Identifier  shift, and go to state 8

    Variable  go to state 131
    Type      go to state 36


State 86

  100 IdList: T_Identifier .

    $default  reduce using rule 100 (IdList)


State 87

   99 ImpClause: T_Implements IdList .
  101 IdList: IdList . ',' T_Identifier

    ','  shift, and go to state 132

    $default  reduce using rule 99 (ImpClause)


State 88

   95 ClassDecl: T_Class T_Identifier ExtClause ImpClause '{' . FieldList '}'

    $default  reduce using rule 104 (FieldList)

    FieldList  go to state 133


State 89

  108 Prototype: T_Void T_Identifier . '(' Formals ')' ';'

    '('  shift, and go to state 134


State 90

  107 Prototype: Type T_Identifier . '(' Formals ')' ';'

    '('  shift, and go to state 135


State 91

  106 InterfaceDecl: T_Interface T_Identifier '{' ProtoLsBegin '}' .

    $default  reduce using rule 106 (InterfaceDecl)


State 92

  112 ProtoList: ProtoList Prototype .

    $default  reduce using rule 112 (ProtoList)


State 93

   17 FnHeader: Type T_Identifier '(' Formals ')' .

    $default  reduce using rule 17 (FnHeader)


State 94

   52 WhileStmt: T_While '(' . Expr ')' Stmt

    T_Null            shift, and go to state 48
    T_This            shift, and go to state 49
    T_New             shift, and go to state 55
    T_NewArray        shift, and go to state 56
    T_ReadInteger     shift, and go to state 58
    T_ReadLine        shift, and go to state 59
    T_Identifier      shift, and go to state 97
    T_StringConstant  shift, and go to state 61
    T_IntConstant     shift, and go to state 62
    T_DoubleConstant  shift, and go to state 63
    T_BoolConstant    shift, and go to state 64
    '-'               shift, and go to state 65
    '!'               shift, and go to state 66
    '('               shift, and go to state 67

    Constant  go to state 73
    Call      go to state 80
    LValue    go to state 81
    Expr      go to state 136


State 95

   53 ForStmt: T_For '(' . PossExpr ';' Expr ';' PossExpr ')' Stmt

    T_Null            shift, and go to state 48
    T_This            shift, and go to state 49
    T_New             shift, and go to state 55
    T_NewArray        shift, and go to state 56
    T_ReadInteger     shift, and go to state 58
    T_ReadLine        shift, and go to state 59
    T_Identifier      shift, and go to state 97
    T_StringConstant  shift, and go to state 61
    T_IntConstant     shift, and go to state 62
    T_DoubleConstant  shift, and go to state 63
    T_BoolConstant    shift, and go to state 64
    '-'               shift, and go to state 65
    '!'               shift, and go to state 66
    '('               shift, and go to state 67

    $default  reduce using rule 58 (PossExpr)

    Constant  go to state 73
    PossExpr  go to state 137
    Call      go to state 80
    LValue    go to state 81
    Expr      go to state 99


State 96

   49 IfStmt: T_If '(' . Expr ')' Stmt ElseStmt

    T_Null            shift, and go to state 48
    T_This            shift, and go to state 49
    T_New             shift, and go to state 55
    T_NewArray        shift, and go to state 56
    T_ReadInteger     shift, and go to state 58
    T_ReadLine        shift, and go to state 59
    T_Identifier      shift, and go to state 97
    T_StringConstant  shift, and go to state 61
    T_IntConstant     shift, and go to state 62
    T_DoubleConstant  shift, and go to state 63
    T_BoolConstant    shift, and go to state 64
    '-'               shift, and go to state 65
    '!'               shift, and go to state 66
    '('               shift, and go to state 67

    Constant  go to state 73
    Call      go to state 80
    LValue    go to state 81
    Expr      go to state 138


State 97

   59 Call: T_Identifier . '(' Actuals ')'
   63 LValue: T_Identifier .

    '('  shift, and go to state 106

    $default  reduce using rule 63 (LValue)


State 98

   54 ReturnStmt: T_Return PossExpr . ';'

    ';'  shift, and go to state 139


State 99

   57 PossExpr: Expr .
   60 Call: Expr . '.' T_Identifier '(' Actuals ')'
   61 LValue: Expr . '.' T_Identifier
   62       | Expr . '[' Expr ']'
   75 Expr: Expr . '=' Expr
   76     | Expr . '+' Expr
   77     | Expr . '-' Expr
   78     | Expr . '*' Expr
   79     | Expr . '/' Expr
   80     | Expr . '%' Expr
   81     | Expr . '<' Expr
   82     | Expr . T_LessEqual Expr
   83     | Expr . '>' Expr
   84     | Expr . T_GreaterEqual Expr
   85     | Expr . T_Equal Expr
   86     | Expr . T_NotEqual Expr
   87     | Expr . T_And Expr
   88     | Expr . T_Or Expr

    '='             shift, and go to state 114
    T_Or            shift, and go to state 115
    T_And           shift, and go to state 116
    T_Equal         shift, and go to state 117
    T_NotEqual      shift, and go to state 118
    '<'             shift, and go to state 119
    T_LessEqual     shift, and go to state 120
    '>'             shift, and go to state 121
    T_GreaterEqual  shift, and go to state 122
    '+'             shift, and go to state 123
    '-'             shift, and go to state 124
    '*'             shift, and go to state 125
    '/'             shift, and go to state 126
    '%'             shift, and go to state 127
    '['             shift, and go to state 128
    '.'             shift, and go to state 129

    $default  reduce using rule 57 (PossExpr)


State 100

   55 BreakStmt: T_Break ';' .

    $default  reduce using rule 55 (BreakStmt)


State 101

   73 Expr: T_New '(' . T_Identifier ')'

    T_Identifier  shift, and go to state 140


State 102

   74 Expr: T_NewArray '(' . Expr ',' Type ')'

    T_Null            shift, and go to state 48
    T_This            shift, and go to state 49
    T_New             shift, and go to state 55
    T_NewArray        shift, and go to state 56
    T_ReadInteger     shift, and go to state 58
    T_ReadLine        shift, and go to state 59
    T_Identifier      shift, and go to state 97
    T_StringConstant  shift, and go to state 61
    T_IntConstant     shift, and go to state 62
    T_DoubleConstant  shift, and go to state 63
    T_BoolConstant    shift, and go to state 64
    '-'               shift, and go to state 65
    '!'               shift, and go to state 66
    '('               shift, and go to state 67

    Constant  go to state 73
    Call      go to state 80
    LValue    go to state 81
    Expr      go to state 141


State 103

   56 PrintStmt: T_Print '(' . ExprList ')' ';'

    T_Null            shift, and go to state 48
    T_This            shift, and go to state 49
    T_New             shift, and go to state 55
    T_NewArray        shift, and go to state 56
    T_ReadInteger     shift, and go to state 58
    T_ReadLine        shift, and go to state 59
    T_Identifier      shift, and go to state 97
    T_StringConstant  shift, and go to state 61
    T_IntConstant     shift, and go to state 62
    T_DoubleConstant  shift, and go to state 63
    T_BoolConstant    shift, and go to state 64
    '-'               shift, and go to state 65
    '!'               shift, and go to state 66
    '('               shift, and go to state 67

    ExprList  go to state 142
    Constant  go to state 73
    Call      go to state 80
    LValue    go to state 81
    Expr      go to state 143


State 104

   71 Expr: T_ReadInteger '(' . ')'

    ')'  shift, and go to state 144


State 105

   72 Expr: T_ReadLine '(' . ')'

    ')'  shift, and go to state 145


State 106

   59 Call: T_Identifier '(' . Actuals ')'

    T_Null            shift, and go to state 48
    T_This            shift, and go to state 49
    T_New             shift, and go to state 55
    T_NewArray        shift, and go to state 56
    T_ReadInteger     shift, and go to state 58
    T_ReadLine        shift, and go to state 59
    T_Identifier      shift, and go to state 97
    T_StringConstant  shift, and go to state 61
    T_IntConstant     shift, and go to state 62
    T_DoubleConstant  shift, and go to state 63
    T_BoolConstant    shift, and go to state 64
    '-'               shift, and go to state 65
    '!'               shift, and go to state 66
    '('               shift, and go to state 67

    $default  reduce using rule 91 (Actuals)

    ExprList  go to state 146
    Constant  go to state 73
    Call      go to state 80
    LValue    go to state 81
    Expr      go to state 143
    Actuals   go to state 147


State 107

   60 Call: Expr . '.' T_Identifier '(' Actuals ')'
   61 LValue: Expr . '.' T_Identifier
   62       | Expr . '[' Expr ']'
   75 Expr: Expr . '=' Expr
   76     | Expr . '+' Expr
   77     | Expr . '-' Expr
   78     | Expr . '*' Expr
   79     | Expr . '/' Expr
   80     | Expr . '%' Expr
   81     | Expr . '<' Expr
   82     | Expr . T_LessEqual Expr
   83     | Expr . '>' Expr
   84     | Expr . T_GreaterEqual Expr
   85     | Expr . T_Equal Expr
   86     | Expr . T_NotEqual Expr
   87     | Expr . T_And Expr
   88     | Expr . T_Or Expr
   89     | '-' Expr .

    '['  shift, and go to state 128
    '.'  shift, and go to state 129

    $default  reduce using rule 89 (Expr)


State 108

   60 Call: Expr . '.' T_Identifier '(' Actuals ')'
   61 LValue: Expr . '.' T_Identifier
   62       | Expr . '[' Expr ']'
   75 Expr: Expr . '=' Expr
   76     | Expr . '+' Expr
   77     | Expr . '-' Expr
   78     | Expr . '*' Expr
   79     | Expr . '/' Expr
   80     | Expr . '%' Expr
   81     | Expr . '<' Expr
   82     | Expr . T_LessEqual Expr
   83     | Expr . '>' Expr
   84     | Expr . T_GreaterEqual Expr
   85     | Expr . T_Equal Expr
   86     | Expr . T_NotEqual Expr
   87     | Expr . T_And Expr
   88     | Expr . T_Or Expr
   90     | '!' Expr .

    '['  shift, and go to state 128
    '.'  shift, and go to state 129

    $default  reduce using rule 90 (Expr)


State 109

   60 Call: Expr . '.' T_Identifier '(' Actuals ')'
   61 LValue: Expr . '.' T_Identifier
   62       | Expr . '[' Expr ']'
   70 Expr: '(' Expr . ')'
   75     | Expr . '=' Expr
   76     | Expr . '+' Expr
   77     | Expr . '-' Expr
   78     | Expr . '*' Expr
   79     | Expr . '/' Expr
   80     | Expr . '%' Expr
   81     | Expr . '<' Expr
   82     | Expr . T_LessEqual Expr
   83     | Expr . '>' Expr
   84     | Expr . T_GreaterEqual Expr
   85     | Expr . T_Equal Expr
   86     | Expr . T_NotEqual Expr
   87     | Expr . T_And Expr
   88     | Expr . T_Or Expr

    '='             shift, and go to state 114
    T_Or            shift, and go to state 115
    T_And           shift, and go to state 116
    T_Equal         shift, and go to state 117
    T_NotEqual      shift, and go to state 118
    '<'             shift, and go to state 119
    T_LessEqual     shift, and go to state 120
    '>'             shift, and go to state 121
    T_GreaterEqual  shift, and go to state 122
    '+'             shift, and go to state 123
    '-'             shift, and go to state 124
    '*'             shift, and go to state 125
    '/'             shift, and go to state 126
    '%'             shift, and go to state 127
    '['             shift, and go to state 128
    '.'             shift, and go to state 129
    ')'             shift, and go to state 148


State 110

   23 StmtBlock: '{' VarDecls StmtList '}' .

    $default  reduce using rule 23 (StmtBlock)


State 111

   28 StmtListRpt: StmtListRpt Stmt .
   42            | StmtListRpt Stmt .

    T_Null            reduce using rule 28 (StmtListRpt)
    T_Null            [reduce using rule 42 (StmtListRpt)]
    T_This            reduce using rule 28 (StmtListRpt)
    T_This            [reduce using rule 42 (StmtListRpt)]
    T_While           reduce using rule 28 (StmtListRpt)
    T_While           [reduce using rule 42 (StmtListRpt)]
    T_For             reduce using rule 28 (StmtListRpt)
    T_For             [reduce using rule 42 (StmtListRpt)]
    T_If              reduce using rule 28 (StmtListRpt)
    T_If              [reduce using rule 42 (StmtListRpt)]
    T_Return          reduce using rule 28 (StmtListRpt)
    T_Return          [reduce using rule 42 (StmtListRpt)]
    T_Break           reduce using rule 28 (StmtListRpt)
    T_Break           [reduce using rule 42 (StmtListRpt)]
    T_New             reduce using rule 28 (StmtListRpt)
    T_New             [reduce using rule 42 (StmtListRpt)]
    T_NewArray        reduce using rule 28 (StmtListRpt)
    T_NewArray        [reduce using rule 42 (StmtListRpt)]
    T_Print           reduce using rule 28 (StmtListRpt)
    T_Print           [reduce using rule 42 (StmtListRpt)]
    T_ReadInteger     reduce using rule 28 (StmtListRpt)
    T_ReadInteger     [reduce using rule 42 (StmtListRpt)]
    T_ReadLine        reduce using rule 28 (StmtListRpt)
    T_ReadLine        [reduce using rule 42 (StmtListRpt)]
    T_Identifier      reduce using rule 28 (StmtListRpt)
    T_Identifier      [reduce using rule 42 (StmtListRpt)]
    T_StringConstant  reduce using rule 28 (StmtListRpt)
    T_StringConstant  [reduce using rule 42 (StmtListRpt)]
    T_IntConstant     reduce using rule 28 (StmtListRpt)
    T_IntConstant     [reduce using rule 42 (StmtListRpt)]
    T_DoubleConstant  reduce using rule 28 (StmtListRpt)
    T_DoubleConstant  [reduce using rule 42 (StmtListRpt)]
    T_BoolConstant    reduce using rule 28 (StmtListRpt)
    T_BoolConstant    [reduce using rule 42 (StmtListRpt)]
    '-'               reduce using rule 28 (StmtListRpt)
    '-'               [reduce using rule 42 (StmtListRpt)]
    '!'               reduce using rule 28 (StmtListRpt)
    '!'               [reduce using rule 42 (StmtListRpt)]
    '('               reduce using rule 28 (StmtListRpt)
    '('               [reduce using rule 42 (StmtListRpt)]
    '{'               reduce using rule 28 (StmtListRpt)
    '{'               [reduce using rule 42 (StmtListRpt)]
    '}'               reduce using rule 28 (StmtListRpt)
    '}'               [reduce using rule 42 (StmtListRpt)]
    $default          reduce using rule 28 (StmtListRpt)


State 112

   65 Expr: LValue T_PostIncrement .

    $default  reduce using rule 65 (Expr)


State 113

   66 Expr: LValue T_PostDecrement .

    $default  reduce using rule 66 (Expr)


State 114

   75 Expr: Expr '=' . Expr

    T_Null            shift, and go to state 48
    T_This            shift, and go to state 49
    T_New             shift, and go to state 55
    T_NewArray        shift, and go to state 56
    T_ReadInteger     shift, and go to state 58
    T_ReadLine        shift, and go to state 59
    T_Identifier      shift, and go to state 97
    T_StringConstant  shift, and go to state 61
    T_IntConstant     shift, and go to state 62
    T_DoubleConstant  shift, and go to state 63
    T_BoolConstant    shift, and go to state 64
    '-'               shift, and go to state 65
    '!'               shift, and go to state 66
    '('               shift, and go to state 67

    Constant  go to state 73
    Call      go to state 80
    LValue    go to state 81
    Expr      go to state 149


State 115

   88 Expr: Expr T_Or . Expr

    T_Null            shift, and go to state 48
    T_This            shift, and go to state 49
    T_New             shift, and go to state 55
    T_NewArray        shift, and go to state 56
    T_ReadInteger     shift, and go to state 58
    T_ReadLine        shift, and go to state 59
    T_Identifier      shift, and go to state 97
    T_StringConstant  shift, and go to state 61
    T_IntConstant     shift, and go to state 62
    T_DoubleConstant  shift, and go to state 63
    T_BoolConstant    shift, and go to state 64
    '-'               shift, and go to state 65
    '!'               shift, and go to state 66
    '('               shift, and go to state 67

    Constant  go to state 73
    Call      go to state 80
    LValue    go to state 81
    Expr      go to state 150


State 116

   87 Expr: Expr T_And . Expr

    T_Null            shift, and go to state 48
    T_This            shift, and go to state 49
    T_New             shift, and go to state 55
    T_NewArray        shift, and go to state 56
    T_ReadInteger     shift, and go to state 58
    T_ReadLine        shift, and go to state 59
    T_Identifier      shift, and go to state 97
    T_StringConstant  shift, and go to state 61
    T_IntConstant     shift, and go to state 62
    T_DoubleConstant  shift, and go to state 63
    T_BoolConstant    shift, and go to state 64
    '-'               shift, and go to state 65
    '!'               shift, and go to state 66
    '('               shift, and go to state 67

    Constant  go to state 73
    Call      go to state 80
    LValue    go to state 81
    Expr      go to state 151


State 117

   85 Expr: Expr T_Equal . Expr

    T_Null            shift, and go to state 48
    T_This            shift, and go to state 49
    T_New             shift, and go to state 55
    T_NewArray        shift, and go to state 56
    T_ReadInteger     shift, and go to state 58
    T_ReadLine        shift, and go to state 59
    T_Identifier      shift, and go to state 97
    T_StringConstant  shift, and go to state 61
    T_IntConstant     shift, and go to state 62
    T_DoubleConstant  shift, and go to state 63
    T_BoolConstant    shift, and go to state 64
    '-'               shift, and go to state 65
    '!'               shift, and go to state 66
    '('               shift, and go to state 67

    Constant  go to state 73
    Call      go to state 80
    LValue    go to state 81
    Expr      go to state 152


State 118

   86 Expr: Expr T_NotEqual . Expr

    T_Null            shift, and go to state 48
    T_This            shift, and go to state 49
    T_New             shift, and go to state 55
    T_NewArray        shift, and go to state 56
    T_ReadInteger     shift, and go to state 58
    T_ReadLine        shift, and go to state 59
    T_Identifier      shift, and go to state 97
    T_StringConstant  shift, and go to state 61
    T_IntConstant     shift, and go to state 62
    T_DoubleConstant  shift, and go to state 63
    T_BoolConstant    shift, and go to state 64
    '-'               shift, and go to state 65
    '!'               shift, and go to state 66
    '('               shift, and go to state 67

    Constant  go to state 73
    Call      go to state 80
    LValue    go to state 81
    Expr      go to state 153


State 119

   81 Expr: Expr '<' . Expr

    T_Null            shift, and go to state 48
    T_This            shift, and go to state 49
    T_New             shift, and go to state 55
    T_NewArray        shift, and go to state 56
    T_ReadInteger     shift, and go to state 58
    T_ReadLine        shift, and go to state 59
    T_Identifier      shift, and go to state 97
    T_StringConstant  shift, and go to state 61
    T_IntConstant     shift, and go to state 62
    T_DoubleConstant  shift, and go to state 63
    T_BoolConstant    shift, and go to state 64
    '-'               shift, and go to state 65
    '!'               shift, and go to state 66
    '('               shift, and go to state 67

    Constant  go to state 73
    Call      go to state 80
    LValue    go to state 81
    Expr      go to state 154


State 120

   82 Expr: Expr T_LessEqual . Expr

    T_Null            shift, and go to state 48
    T_This            shift, and go to state 49
    T_New             shift, and go to state 55
    T_NewArray        shift, and go to state 56
    T_ReadInteger     shift, and go to state 58
    T_ReadLine        shift, and go to state 59
    T_Identifier      shift, and go to state 97
    T_StringConstant  shift, and go to state 61
    T_IntConstant     shift, and go to state 62
    T_DoubleConstant  shift, and go to state 63
    T_BoolConstant    shift, and go to state 64
    '-'               shift, and go to state 65
    '!'               shift, and go to state 66
    '('               shift, and go to state 67

    Constant  go to state 73
    Call      go to state 80
    LValue    go to state 81
    Expr      go to state 155


State 121

   83 Expr: Expr '>' . Expr

    T_Null            shift, and go to state 48
    T_This            shift, and go to state 49
    T_New             shift, and go to state 55
    T_NewArray        shift, and go to state 56
    T_ReadInteger     shift, and go to state 58
    T_ReadLine        shift, and go to state 59
    T_Identifier      shift, and go to state 97
    T_StringConstant  shift, and go to state 61
    T_IntConstant     shift, and go to state 62
    T_DoubleConstant  shift, and go to state 63
    T_BoolConstant    shift, and go to state 64
    '-'               shift, and go to state 65
    '!'               shift, and go to state 66
    '('               shift, and go to state 67

    Constant  go to state 73
    Call      go to state 80
    LValue    go to state 81
    Expr      go to state 156


State 122

   84 Expr: Expr T_GreaterEqual . Expr

    T_Null            shift, and go to state 48
    T_This            shift, and go to state 49
    T_New             shift, and go to state 55
    T_NewArray        shift, and go to state 56
    T_ReadInteger     shift, and go to state 58
    T_ReadLine        shift, and go to state 59
    T_Identifier      shift, and go to state 97
    T_StringConstant  shift, and go to state 61
    T_IntConstant     shift, and go to state 62
    T_DoubleConstant  shift, and go to state 63
    T_BoolConstant    shift, and go to state 64
    '-'               shift, and go to state 65
    '!'               shift, and go to state 66
    '('               shift, and go to state 67

    Constant  go to state 73
    Call      go to state 80
    LValue    go to state 81
    Expr      go to state 157


State 123

   76 Expr: Expr '+' . Expr

    T_Null            shift, and go to state 48
    T_This            shift, and go to state 49
    T_New             shift, and go to state 55
    T_NewArray        shift, and go to state 56
    T_ReadInteger     shift, and go to state 58
    T_ReadLine        shift, and go to state 59
    T_Identifier      shift, and go to state 97
    T_StringConstant  shift, and go to state 61
    T_IntConstant     shift, and go to state 62
    T_DoubleConstant  shift, and go to state 63
    T_BoolConstant    shift, and go to state 64
    '-'               shift, and go to state 65
    '!'               shift, and go to state 66
    '('               shift, and go to state 67

    Constant  go to state 73
    Call      go to state 80
    LValue    go to state 81
    Expr      go to state 158


State 124

   77 Expr: Expr '-' . Expr

    T_Null            shift, and go to state 48
    T_This            shift, and go to state 49
    T_New             shift, and go to state 55
    T_NewArray        shift, and go to state 56
    T_ReadInteger     shift, and go to state 58
    T_ReadLine        shift, and go to state 59
    T_Identifier      shift, and go to state 97
    T_StringConstant  shift, and go to state 61
    T_IntConstant     shift, and go to state 62
    T_DoubleConstant  shift, and go to state 63
    T_BoolConstant    shift, and go to state 64
    '-'               shift, and go to state 65
    '!'               shift, and go to state 66
    '('               shift, and go to state 67

    Constant  go to state 73
    Call      go to state 80
    LValue    go to state 81
    Expr      go to state 159


State 125

   78 Expr: Expr '*' . Expr

    T_Null            shift, and go to state 48
    T_This            shift, and go to state 49
    T_New             shift, and go to state 55
    T_NewArray        shift, and go to state 56
    T_ReadInteger     shift, and go to state 58
    T_ReadLine        shift, and go to state 59
    T_Identifier      shift, and go to state 97
    T_StringConstant  shift, and go to state 61
    T_IntConstant     shift, and go to state 62
    T_DoubleConstant  shift, and go to state 63
    T_BoolConstant    shift, and go to state 64
    '-'               shift, and go to state 65
    '!'               shift, and go to state 66
    '('               shift, and go to state 67

    Constant  go to state 73
    Call      go to state 80
    LValue    go to state 81
    Expr      go to state 160


State 126

   79 Expr: Expr '/' . Expr

    T_Null            shift, and go to state 48
    T_This            shift, and go to state 49
    T_New             shift, and go to state 55
    T_NewArray        shift, and go to state 56
    T_ReadInteger     shift, and go to state 58
    T_ReadLine        shift, and go to state 59
    T_Identifier      shift, and go to state 97
    T_StringConstant  shift, and go to state 61
    T_IntConstant     shift, and go to state 62
    T_DoubleConstant  shift, and go to state 63
    T_BoolConstant    shift, and go to state 64
    '-'               shift, and go to state 65
    '!'               shift, and go to state 66
    '('               shift, and go to state 67

    Constant  go to state 73
    Call      go to state 80
    LValue    go to state 81
    Expr      go to state 161


State 127

   80 Expr: Expr '%' . Expr

    T_Null            shift, and go to state 48
    T_This            shift, and go to state 49
    T_New             shift, and go to state 55
    T_NewArray        shift, and go to state 56
    T_ReadInteger     shift, and go to state 58
    T_ReadLine        shift, and go to state 59
    T_Identifier      shift, and go to state 97
    T_StringConstant  shift, and go to state 61
    T_IntConstant     shift, and go to state 62
    T_DoubleConstant  shift, and go to state 63
    T_BoolConstant    shift, and go to state 64
    '-'               shift, and go to state 65
    '!'               shift, and go to state 66
    '('               shift, and go to state 67

    Constant  go to state 73
    Call      go to state 80
    LValue    go to state 81
    Expr      go to state 162


State 128

   62 LValue: Expr '[' . Expr ']'

    T_Null            shift, and go to state 48
    T_This            shift, and go to state 49
    T_New             shift, and go to state 55
    T_NewArray        shift, and go to state 56
    T_ReadInteger     shift, and go to state 58
    T_ReadLine        shift, and go to state 59
    T_Identifier      shift, and go to state 97
    T_StringConstant  shift, and go to state 61
    T_IntConstant     shift, and go to state 62
    T_DoubleConstant  shift, and go to state 63
    T_BoolConstant    shift, and go to state 64
    '-'               shift, and go to state 65
    '!'               shift, and go to state 66
    '('               shift, and go to state 67

    Constant  go to state 73
    Call      go to state 80
    LValue    go to state 81
    Expr      go to state 163


State 129

   60 Call: Expr '.' . T_Identifier '(' Actuals ')'
   61 LValue: Expr '.' . T_Identifier

    T_Identifier  shift, and go to state 164


State 130

   32 Stmt: Expr ';' .

    $default  reduce using rule 32 (Stmt)


State 131

   21 FormalList: FormalList ',' Variable .

    $default  reduce using rule 21 (FormalList)


State 132

  101 IdList: IdList ',' . T_Identifier

    T_Identifier  shift, and go to state 165


State 133

   95 ClassDecl: T_Class T_Identifier ExtClause ImpClause '{' FieldList . '}'
  105 FieldList: FieldList . Field

    T_Void        shift, and go to state 1
    T_Bool        shift, and go to state 2
    T_Int         shift, and go to state 3
    T_Double      shift, and go to state 4
    T_String      shift, and go to state 5
    T_Identifier  shift, and go to state 8
    '}'           shift, and go to state 166

    VarDecl   go to state 167
    Variable  go to state 13
    Type      go to state 14
    FnDecl    go to state 168
    FnHeader  go to state 16
    Field     go to state 169


State 134

  108 Prototype: T_Void T_Identifier '(' . Formals ')' ';'

    T_Bool        shift, and go to state 2
    T_Int         shift, and go to state 3
    T_Double      shift, and go to state 4
    T_String      shift, and go to state 5
    T_Identifier  shift, and go to state 8

    $default  reduce using rule 20 (Formals)

    Variable    go to state 35
    Type        go to state 36
    Formals     go to state 170
    FormalList  go to state 38


State 135

  107 Prototype: Type T_Identifier '(' . Formals ')' ';'

    T_Bool        shift, and go to state 2
    T_Int         shift, and go to state 3
    T_Double      shift, and go to state 4
    T_String      shift, and go to state 5
    T_Identifier  shift, and go to state 8

    $default  reduce using rule 20 (Formals)

    Variable    go to state 35
    Type        go to state 36
    Formals     go to state 171
    FormalList  go to state 38


State 136

   52 WhileStmt: T_While '(' Expr . ')' Stmt
   60 Call: Expr . '.' T_Identifier '(' Actuals ')'
   61 LValue: Expr . '.' T_Identifier
   62       | Expr . '[' Expr ']'
   75 Expr: Expr . '=' Expr
   76     | Expr . '+' Expr
   77     | Expr . '-' Expr
   78     | Expr . '*' Expr
   79     | Expr . '/' Expr
   80     | Expr . '%' Expr
   81     | Expr . '<' Expr
   82     | Expr . T_LessEqual Expr
   83     | Expr . '>' Expr
   84     | Expr . T_GreaterEqual Expr
   85     | Expr . T_Equal Expr
   86     | Expr . T_NotEqual Expr
   87     | Expr . T_And Expr
   88     | Expr . T_Or Expr

    '='             shift, and go to state 114
    T_Or            shift, and go to state 115
    T_And           shift, and go to state 116
    T_Equal         shift, and go to state 117
    T_NotEqual      shift, and go to state 118
    '<'             shift, and go to state 119
    T_LessEqual     shift, and go to state 120
    '>'             shift, and go to state 121
    T_GreaterEqual  shift, and go to state 122
    '+'             shift, and go to state 123
    '-'             shift, and go to state 124
    '*'             shift, and go to state 125
    '/'             shift, and go to state 126
    '%'             shift, and go to state 127
    '['             shift, and go to state 128
    '.'             shift, and go to state 129
    ')'             shift, and go to state 172


State 137

   53 ForStmt: T_For '(' PossExpr . ';' Expr ';' PossExpr ')' Stmt

    ';'  shift, and go to state 173


State 138

   49 IfStmt: T_If '(' Expr . ')' Stmt ElseStmt
   60 Call: Expr . '.' T_Identifier '(' Actuals ')'
   61 LValue: Expr . '.' T_Identifier
   62       | Expr . '[' Expr ']'
   75 Expr: Expr . '=' Expr
   76     | Expr . '+' Expr
   77     | Expr . '-' Expr
   78     | Expr . '*' Expr
   79     | Expr . '/' Expr
   80     | Expr . '%' Expr
   81     | Expr . '<' Expr
   82     | Expr . T_LessEqual Expr
   83     | Expr . '>' Expr
   84     | Expr . T_GreaterEqual Expr
   85     | Expr . T_Equal Expr
   86     | Expr . T_NotEqual Expr
   87     | Expr . T_And Expr
   88     | Expr . T_Or Expr

    '='             shift, and go to state 114
    T_Or            shift, and go to state 115
    T_And           shift, and go to state 116
    T_Equal         shift, and go to state 117
    T_NotEqual      shift, and go to state 118
    '<'             shift, and go to state 119
    T_LessEqual     shift, and go to state 120
    '>'             shift, and go to state 121
    T_GreaterEqual  shift, and go to state 122
    '+'             shift, and go to state 123
    '-'             shift, and go to state 124
    '*'             shift, and go to state 125
    '/'             shift, and go to state 126
    '%'             shift, and go to state 127
    '['             shift, and go to state 128
    '.'             shift, and go to state 129
    ')'             shift, and go to state 174


State 139

   54 ReturnStmt: T_Return PossExpr ';' .

    $default  reduce using rule 54 (ReturnStmt)


State 140

   73 Expr: T_New '(' T_Identifier . ')'

    ')'  shift, and go to state 175


State 141

   60 Call: Expr . '.' T_Identifier '(' Actuals ')'
   61 LValue: Expr . '.' T_Identifier
   62       | Expr . '[' Expr ']'
   74 Expr: T_NewArray '(' Expr . ',' Type ')'
   75     | Expr . '=' Expr
   76     | Expr . '+' Expr
   77     | Expr . '-' Expr
   78     | Expr . '*' Expr
   79     | Expr . '/' Expr
   80     | Expr . '%' Expr
   81     | Expr . '<' Expr
   82     | Expr . T_LessEqual Expr
   83     | Expr . '>' Expr
   84     | Expr . T_GreaterEqual Expr
   85     | Expr . T_Equal Expr
   86     | Expr . T_NotEqual Expr
   87     | Expr . T_And Expr
   88     | Expr . T_Or Expr

    '='             shift, and go to state 114
    T_Or            shift, and go to state 115
    T_And           shift, and go to state 116
    T_Equal         shift, and go to state 117
    T_NotEqual      shift, and go to state 118
    '<'             shift, and go to state 119
    T_LessEqual     shift, and go to state 120
    '>'             shift, and go to state 121
    T_GreaterEqual  shift, and go to state 122
    '+'             shift, and go to state 123
    '-'             shift, and go to state 124
    '*'             shift, and go to state 125
    '/'             shift, and go to state 126
    '%'             shift, and go to state 127
    '['             shift, and go to state 128
    '.'             shift, and go to state 129
    ','             shift, and go to state 176


State 142

   31 ExprList: ExprList . ',' Expr
   56 PrintStmt: T_Print '(' ExprList . ')' ';'
   94 ExprList: ExprList . ',' Expr

    ')'  shift, and go to state 177
    ','  shift, and go to state 178


State 143

   30 ExprList: Expr .
   60 Call: Expr . '.' T_Identifier '(' Actuals ')'
   61 LValue: Expr . '.' T_Identifier
   62       | Expr . '[' Expr ']'
   75 Expr: Expr . '=' Expr
   76     | Expr . '+' Expr
   77     | Expr . '-' Expr
   78     | Expr . '*' Expr
   79     | Expr . '/' Expr
   80     | Expr . '%' Expr
   81     | Expr . '<' Expr
   82     | Expr . T_LessEqual Expr
   83     | Expr . '>' Expr
   84     | Expr . T_GreaterEqual Expr
   85     | Expr . T_Equal Expr
   86     | Expr . T_NotEqual Expr
   87     | Expr . T_And Expr
   88     | Expr . T_Or Expr
   93 ExprList: Expr .

    '='             shift, and go to state 114
    T_Or            shift, and go to state 115
    T_And           shift, and go to state 116
    T_Equal         shift, and go to state 117
    T_NotEqual      shift, and go to state 118
    '<'             shift, and go to state 119
    T_LessEqual     shift, and go to state 120
    '>'             shift, and go to state 121
    T_GreaterEqual  shift, and go to state 122
    '+'             shift, and go to state 123
    '-'             shift, and go to state 124
    '*'             shift, and go to state 125
    '/'             shift, and go to state 126
    '%'             shift, and go to state 127
    '['             shift, and go to state 128
    '.'             shift, and go to state 129

    ')'       reduce using rule 30 (ExprList)
    ')'       [reduce using rule 93 (ExprList)]
    ','       reduce using rule 30 (ExprList)
    ','       [reduce using rule 93 (ExprList)]
    $default  reduce using rule 30 (ExprList)


State 144

   71 Expr: T_ReadInteger '(' ')' .

    $default  reduce using rule 71 (Expr)


State 145

   72 Expr: T_ReadLine '(' ')' .

    $default  reduce using rule 72 (Expr)


State 146

   31 ExprList: ExprList . ',' Expr
   92 Actuals: ExprList .
   94 ExprList: ExprList . ',' Expr

    ','  shift, and go to state 178

    $default  reduce using rule 92 (Actuals)


State 147

   59 Call: T_Identifier '(' Actuals . ')'

    ')'  shift, and go to state 179


State 148

   70 Expr: '(' Expr ')' .

    $default  reduce using rule 70 (Expr)


State 149

   60 Call: Expr . '.' T_Identifier '(' Actuals ')'
   61 LValue: Expr . '.' T_Identifier
   62       | Expr . '[' Expr ']'
   75 Expr: Expr . '=' Expr
   75     | Expr '=' Expr .
   76     | Expr . '+' Expr
   77     | Expr . '-' Expr
   78     | Expr . '*' Expr
   79     | Expr . '/' Expr
   80     | Expr . '%' Expr
   81     | Expr . '<' Expr
   82     | Expr . T_LessEqual Expr
   83     | Expr . '>' Expr
   84     | Expr . T_GreaterEqual Expr
   85     | Expr . T_Equal Expr
   86     | Expr . T_NotEqual Expr
   87     | Expr . T_And Expr
   88     | Expr . T_Or Expr

    T_Or            shift, and go to state 115
    T_And           shift, and go to state 116
    T_Equal         shift, and go to state 117
    T_NotEqual      shift, and go to state 118
    '<'             shift, and go to state 119
    T_LessEqual     shift, and go to state 120
    '>'             shift, and go to state 121
    T_GreaterEqual  shift, and go to state 122
    '+'             shift, and go to state 123
    '-'             shift, and go to state 124
    '*'             shift, and go to state 125
    '/'             shift, and go to state 126
    '%'             shift, and go to state 127
    '['             shift, and go to state 128
    '.'             shift, and go to state 129

    '='  error (nonassociative)

    $default  reduce using rule 75 (Expr)


State 150

   60 Call: Expr . '.' T_Identifier '(' Actuals ')'
   61 LValue: Expr . '.' T_Identifier
   62       | Expr . '[' Expr ']'
   75 Expr: Expr . '=' Expr
   76     | Expr . '+' Expr
   77     | Expr . '-' Expr
   78     | Expr . '*' Expr
   79     | Expr . '/' Expr
   80     | Expr . '%' Expr
   81     | Expr . '<' Expr
   82     | Expr . T_LessEqual Expr
   83     | Expr . '>' Expr
   84     | Expr . T_GreaterEqual Expr
   85     | Expr . T_Equal Expr
   86     | Expr . T_NotEqual Expr
   87     | Expr . T_And Expr
   88     | Expr . T_Or Expr
   88     | Expr T_Or Expr .

    T_And           shift, and go to state 116
    T_Equal         shift, and go to state 117
    T_NotEqual      shift, and go to state 118
    '<'             shift, and go to state 119
    T_LessEqual     shift, and go to state 120
    '>'             shift, and go to state 121
    T_GreaterEqual  shift, and go to state 122
    '+'             shift, and go to state 123
    '-'             shift, and go to state 124
    '*'             shift, and go to state 125
    '/'             shift, and go to state 126
    '%'             shift, and go to state 127
    '['             shift, and go to state 128
    '.'             shift, and go to state 129

    $default  reduce using rule 88 (Expr)


State 151

   60 Call: Expr . '.' T_Identifier '(' Actuals ')'
   61 LValue: Expr . '.' T_Identifier
   62       | Expr . '[' Expr ']'
   75 Expr: Expr . '=' Expr
   76     | Expr . '+' Expr
   77     | Expr . '-' Expr
   78     | Expr . '*' Expr
   79     | Expr . '/' Expr
   80     | Expr . '%' Expr
   81     | Expr . '<' Expr
   82     | Expr . T_LessEqual Expr
   83     | Expr . '>' Expr
   84     | Expr . T_GreaterEqual Expr
   85     | Expr . T_Equal Expr
   86     | Expr . T_NotEqual Expr
   87     | Expr . T_And Expr
   87     | Expr T_And Expr .
   88     | Expr . T_Or Expr

    T_Equal         shift, and go to state 117
    T_NotEqual      shift, and go to state 118
    '<'             shift, and go to state 119
    T_LessEqual     shift, and go to state 120
    '>'             shift, and go to state 121
    T_GreaterEqual  shift, and go to state 122
    '+'             shift, and go to state 123
    '-'             shift, and go to state 124
    '*'             shift, and go to state 125
    '/'             shift, and go to state 126
    '%'             shift, and go to state 127
    '['             shift, and go to state 128
    '.'             shift, and go to state 129

    $default  reduce using rule 87 (Expr)


State 152

   60 Call: Expr . '.' T_Identifier '(' Actuals ')'
   61 LValue: Expr . '.' T_Identifier
   62       | Expr . '[' Expr ']'
   75 Expr: Expr . '=' Expr
   76     | Expr . '+' Expr
   77     | Expr . '-' Expr
   78     | Expr . '*' Expr
   79     | Expr . '/' Expr
   80     | Expr . '%' Expr
   81     | Expr . '<' Expr
   82     | Expr . T_LessEqual Expr
   83     | Expr . '>' Expr
   84     | Expr . T_GreaterEqual Expr
   85     | Expr . T_Equal Expr
   85     | Expr T_Equal Expr .
   86     | Expr . T_NotEqual Expr
   87     | Expr . T_And Expr
   88     | Expr . T_Or Expr

    '<'             shift, and go to state 119
    T_LessEqual     shift, and go to state 120
    '>'             shift, and go to state 121
    T_GreaterEqual  shift, and go to state 122
    '+'             shift, and go to state 123
    '-'             shift, and go to state 124
    '*'             shift, and go to state 125
    '/'             shift, and go to state 126
    '%'             shift, and go to state 127
    '['             shift, and go to state 128
    '.'             shift, and go to state 129

    T_Equal     error (nonassociative)
    T_NotEqual  error (nonassociative)

    $default  reduce using rule 85 (Expr)


State 153

   60 Call: Expr . '.' T_Identifier '(' Actuals ')'
   61 LValue: Expr . '.' T_Identifier
   62       | Expr . '[' Expr ']'
   75 Expr: Expr . '=' Expr
   76     | Expr . '+' Expr
   77     | Expr . '-' Expr
   78     | Expr . '*' Expr
   79     | Expr . '/' Expr
   80     | Expr . '%' Expr
   81     | Expr . '<' Expr
   82     | Expr . T_LessEqual Expr
   83     | Expr . '>' Expr
   84     | Expr . T_GreaterEqual Expr
   85     | Expr . T_Equal Expr
   86     | Expr . T_NotEqual Expr
   86     | Expr T_NotEqual Expr .
   87     | Expr . T_And Expr
   88     | Expr . T_Or Expr

    '<'             shift, and go to state 119
    T_LessEqual     shift, and go to state 120
    '>'             shift, and go to state 121
    T_GreaterEqual  shift, and go to state 122
    '+'             shift, and go to state 123
    '-'             shift, and go to state 124
    '*'             shift, and go to state 125
    '/'             shift, and go to state 126
    '%'             shift, and go to state 127
    '['             shift, and go to state 128
    '.'             shift, and go to state 129

    T_Equal     error (nonassociative)
    T_NotEqual  error (nonassociative)

    $default  reduce using rule 86 (Expr)


State 154

   60 Call: Expr . '.' T_Identifier '(' Actuals ')'
   61 LValue: Expr . '.' T_Identifier
   62       | Expr . '[' Expr ']'
   75 Expr: Expr . '=' Expr
   76     | Expr . '+' Expr
   77     | Expr . '-' Expr
   78     | Expr . '*' Expr
   79     | Expr . '/' Expr
   80     | Expr . '%' Expr
   81     | Expr . '<' Expr
   81     | Expr '<' Expr .
   82     | Expr . T_LessEqual Expr
   83     | Expr . '>' Expr
   84     | Expr . T_GreaterEqual Expr
   85     | Expr . T_Equal Expr
   86     | Expr . T_NotEqual Expr
   87     | Expr . T_And Expr
   88     | Expr . T_Or Expr

    '+'  shift, and go to state 123
    '-'  shift, and go to state 124
    '*'  shift, and go to state 125
    '/'  shift, and go to state 126
    '%'  shift, and go to state 127
    '['  shift, and go to state 128
    '.'  shift, and go to state 129

    '<'             error (nonassociative)
    T_LessEqual     error (nonassociative)
    '>'             error (nonassociative)
    T_GreaterEqual  error (nonassociative)

    $default  reduce using rule 81 (Expr)


State 155

   60 Call: Expr . '.' T_Identifier '(' Actuals ')'
   61 LValue: Expr . '.' T_Identifier
   62       | Expr . '[' Expr ']'
   75 Expr: Expr . '=' Expr
   76     | Expr . '+' Expr
   77     | Expr . '-' Expr
   78     | Expr . '*' Expr
   79     | Expr . '/' Expr
   80     | Expr . '%' Expr
   81     | Expr . '<' Expr
   82     | Expr . T_LessEqual Expr
   82     | Expr T_LessEqual Expr .
   83     | Expr . '>' Expr
   84     | Expr . T_GreaterEqual Expr
   85     | Expr . T_Equal Expr
   86     | Expr . T_NotEqual Expr
   87     | Expr . T_And Expr
   88     | Expr . T_Or Expr

    '+'  shift, and go to state 123
    '-'  shift, and go to state 124
    '*'  shift, and go to state 125
    '/'  shift, and go to state 126
    '%'  shift, and go to state 127
    '['  shift, and go to state 128
    '.'  shift, and go to state 129

    '<'             error (nonassociative)
    T_LessEqual     error (nonassociative)
    '>'             error (nonassociative)
    T_GreaterEqual  error (nonassociative)

    $default  reduce using rule 82 (Expr)


State 156

   60 Call: Expr . '.' T_Identifier '(' Actuals ')'
   61 LValue: Expr . '.' T_Identifier
   62       | Expr . '[' Expr ']'
   75 Expr: Expr . '=' Expr
   76     | Expr . '+' Expr
   77     | Expr . '-' Expr
   78     | Expr . '*' Expr
   79     | Expr . '/' Expr
   80     | Expr . '%' Expr
   81     | Expr . '<' Expr
   82     | Expr . T_LessEqual Expr
   83     | Expr . '>' Expr
   83     | Expr '>' Expr .
   84     | Expr . T_GreaterEqual Expr
   85     | Expr . T_Equal Expr
   86     | Expr . T_NotEqual Expr
   87     | Expr . T_And Expr
   88     | Expr . T_Or Expr

    '+'  shift, and go to state 123
    '-'  shift, and go to state 124
    '*'  shift, and go to state 125
    '/'  shift, and go to state 126
    '%'  shift, and go to state 127
    '['  shift, and go to state 128
    '.'  shift, and go to state 129

    '<'             error (nonassociative)
    T_LessEqual     error (nonassociative)
    '>'             error (nonassociative)
    T_GreaterEqual  error (nonassociative)

    $default  reduce using rule 83 (Expr)


State 157

   60 Call: Expr . '.' T_Identifier '(' Actuals ')'
   61 LValue: Expr . '.' T_Identifier
   62       | Expr . '[' Expr ']'
   75 Expr: Expr . '=' Expr
   76     | Expr . '+' Expr
   77     | Expr . '-' Expr
   78     | Expr . '*' Expr
   79     | Expr . '/' Expr
   80     | Expr . '%' Expr
   81     | Expr . '<' Expr
   82     | Expr . T_LessEqual Expr
   83     | Expr . '>' Expr
   84     | Expr . T_GreaterEqual Expr
   84     | Expr T_GreaterEqual Expr .
   85     | Expr . T_Equal Expr
   86     | Expr . T_NotEqual Expr
   87     | Expr . T_And Expr
   88     | Expr . T_Or Expr

    '+'  shift, and go to state 123
    '-'  shift, and go to state 124
    '*'  shift, and go to state 125
    '/'  shift, and go to state 126
    '%'  shift, and go to state 127
    '['  shift, and go to state 128
    '.'  shift, and go to state 129

    '<'             error (nonassociative)
    T_LessEqual     error (nonassociative)
    '>'             error (nonassociative)
    T_GreaterEqual  error (nonassociative)

    $default  reduce using rule 84 (Expr)


State 158

   60 Call: Expr . '.' T_Identifier '(' Actuals ')'
   61 LValue: Expr . '.' T_Identifier
   62       | Expr . '[' Expr ']'
   75 Expr: Expr . '=' Expr
   76     | Expr . '+' Expr
   76     | Expr '+' Expr .
   77     | Expr . '-' Expr
   78     | Expr . '*' Expr
   79     | Expr . '/' Expr
   80     | Expr . '%' Expr
   81     | Expr . '<' Expr
   82     | Expr . T_LessEqual Expr
   83     | Expr . '>' Expr
   84     | Expr . T_GreaterEqual Expr
   85     | Expr . T_Equal Expr
   86     | Expr . T_NotEqual Expr
   87     | Expr . T_And Expr
   88     | Expr . T_Or Expr

    '*'  shift, and go to state 125
    '/'  shift, and go to state 126
    '%'  shift, and go to state 127
    '['  shift, and go to state 128
    '.'  shift, and go to state 129

    $default  reduce using rule 76 (Expr)


State 159

   60 Call: Expr . '.' T_Identifier '(' Actuals ')'
   61 LValue: Expr . '.' T_Identifier
   62       | Expr . '[' Expr ']'
   75 Expr: Expr . '=' Expr
   76     | Expr . '+' Expr
   77     | Expr . '-' Expr
   77     | Expr '-' Expr .
   78     | Expr . '*' Expr
   79     | Expr . '/' Expr
   80     | Expr . '%' Expr
   81     | Expr . '<' Expr
   82     | Expr . T_LessEqual Expr
   83     | Expr . '>' Expr
   84     | Expr . T_GreaterEqual Expr
   85     | Expr . T_Equal Expr
   86     | Expr . T_NotEqual Expr
   87     | Expr . T_And Expr
   88     | Expr . T_Or Expr

    '*'  shift, and go to state 125
    '/'  shift, and go to state 126
    '%'  shift, and go to state 127
    '['  shift, and go to state 128
    '.'  shift, and go to state 129

    $default  reduce using rule 77 (Expr)


State 160

   60 Call: Expr . '.' T_Identifier '(' Actuals ')'
   61 LValue: Expr . '.' T_Identifier
   62       | Expr . '[' Expr ']'
   75 Expr: Expr . '=' Expr
   76     | Expr . '+' Expr
   77     | Expr . '-' Expr
   78     | Expr . '*' Expr
   78     | Expr '*' Expr .
   79     | Expr . '/' Expr
   80     | Expr . '%' Expr
   81     | Expr . '<' Expr
   82     | Expr . T_LessEqual Expr
   83     | Expr . '>' Expr
   84     | Expr . T_GreaterEqual Expr
   85     | Expr . T_Equal Expr
   86     | Expr . T_NotEqual Expr
   87     | Expr . T_And Expr
   88     | Expr . T_Or Expr

    '['  shift, and go to state 128
    '.'  shift, and go to state 129

    $default  reduce using rule 78 (Expr)


State 161

   60 Call: Expr . '.' T_Identifier '(' Actuals ')'
   61 LValue: Expr . '.' T_Identifier
   62       | Expr . '[' Expr ']'
   75 Expr: Expr . '=' Expr
   76     | Expr . '+' Expr
   77     | Expr . '-' Expr
   78     | Expr . '*' Expr
   79     | Expr . '/' Expr
   79     | Expr '/' Expr .
   80     | Expr . '%' Expr
   81     | Expr . '<' Expr
   82     | Expr . T_LessEqual Expr
   83     | Expr . '>' Expr
   84     | Expr . T_GreaterEqual Expr
   85     | Expr . T_Equal Expr
   86     | Expr . T_NotEqual Expr
   87     | Expr . T_And Expr
   88     | Expr . T_Or Expr

    '['  shift, and go to state 128
    '.'  shift, and go to state 129

    $default  reduce using rule 79 (Expr)


State 162

   60 Call: Expr . '.' T_Identifier '(' Actuals ')'
   61 LValue: Expr . '.' T_Identifier
   62       | Expr . '[' Expr ']'
   75 Expr: Expr . '=' Expr
   76     | Expr . '+' Expr
   77     | Expr . '-' Expr
   78     | Expr . '*' Expr
   79     | Expr . '/' Expr
   80     | Expr . '%' Expr
   80     | Expr '%' Expr .
   81     | Expr . '<' Expr
   82     | Expr . T_LessEqual Expr
   83     | Expr . '>' Expr
   84     | Expr . T_GreaterEqual Expr
   85     | Expr . T_Equal Expr
   86     | Expr . T_NotEqual Expr
   87     | Expr . T_And Expr
   88     | Expr . T_Or Expr

    '['  shift, and go to state 128
    '.'  shift, and go to state 129

    $default  reduce using rule 80 (Expr)


State 163

   60 Call: Expr . '.' T_Identifier '(' Actuals ')'
   61 LValue: Expr . '.' T_Identifier
   62       | Expr . '[' Expr ']'
   62       | Expr '[' Expr . ']'
   75 Expr: Expr . '=' Expr
   76     | Expr . '+' Expr
   77     | Expr . '-' Expr
   78     | Expr . '*' Expr
   79     | Expr . '/' Expr
   80     | Expr . '%' Expr
   81     | Expr . '<' Expr
   82     | Expr . T_LessEqual Expr
   83     | Expr . '>' Expr
   84     | Expr . T_GreaterEqual Expr
   85     | Expr . T_Equal Expr
   86     | Expr . T_NotEqual Expr
   87     | Expr . T_And Expr
   88     | Expr . T_Or Expr

    '='             shift, and go to state 114
    T_Or            shift, and go to state 115
    T_And           shift, and go to state 116
    T_Equal         shift, and go to state 117
    T_NotEqual      shift, and go to state 118
    '<'             shift, and go to state 119
    T_LessEqual     shift, and go to state 120
    '>'             shift, and go to state 121
    T_GreaterEqual  shift, and go to state 122
    '+'             shift, and go to state 123
    '-'             shift, and go to state 124
    '*'             shift, and go to state 125
    '/'             shift, and go to state 126
    '%'             shift, and go to state 127
    '['             shift, and go to state 128
    '.'             shift, and go to state 129
    ']'             shift, and go to state 180


State 164

   60 Call: Expr '.' T_Identifier . '(' Actuals ')'
   61 LValue: Expr '.' T_Identifier .

    '('  shift, and go to state 181

    $default  reduce using rule 61 (LValue)


State 165

  101 IdList: IdList ',' T_Identifier .

    $default  reduce using rule 101 (IdList)


State 166

   95 ClassDecl: T_Class T_Identifier ExtClause ImpClause '{' FieldList '}' .

    $default  reduce using rule 95 (ClassDecl)


State 167

  102 Field: VarDecl .

    $default  reduce using rule 102 (Field)


State 168

  103 Field: FnDecl .

    $default  reduce using rule 103 (Field)


State 169

  105 FieldList: FieldList Field .

    $default  reduce using rule 105 (FieldList)


State 170

  108 Prototype: T_Void T_Identifier '(' Formals . ')' ';'

    ')'  shift, and go to state 182


State 171

  107 Prototype: Type T_Identifier '(' Formals . ')' ';'

    ')'  shift, and go to state 183


State 172

   52 WhileStmt: T_While '(' Expr ')' . Stmt

    T_Null            shift, and go to state 48
    T_This            shift, and go to state 49
    T_While           shift, and go to state 50
    T_For             shift, and go to state 51
    T_If              shift, and go to state 52
    T_Return          shift, and go to state 53
    T_Break           shift, and go to state 54
    T_New             shift, and go to state 55
    T_NewArray        shift, and go to state 56
    T_Print           shift, and go to state 57
    T_ReadInteger     shift, and go to state 58
    T_ReadLine        shift, and go to state 59
    T_Identifier      shift, and go to state 97
    T_StringConstant  shift, and go to state 61
    T_IntConstant     shift, and go to state 62
    T_DoubleConstant  shift, and go to state 63
    T_BoolConstant    shift, and go to state 64
    '-'               shift, and go to state 65
    '!'               shift, and go to state 66
    '('               shift, and go to state 67
    '{'               shift, and go to state 27

    StmtBlock   go to state 69
    Stmt        go to state 184
    Constant    go to state 73
    IfStmt      go to state 74
    WhileStmt   go to state 75
    ForStmt     go to state 76
    ReturnStmt  go to state 77
    BreakStmt   go to state 78
    PrintStmt   go to state 79
    Call        go to state 80
    LValue      go to state 81
    Expr        go to state 82


State 173

   53 ForStmt: T_For '(' PossExpr ';' . Expr ';' PossExpr ')' Stmt

    T_Null            shift, and go to state 48
    T_This            shift, and go to state 49
    T_New             shift, and go to state 55
    T_NewArray        shift, and go to state 56
    T_ReadInteger     shift, and go to state 58
    T_ReadLine        shift, and go to state 59
    T_Identifier      shift, and go to state 97
    T_StringConstant  shift, and go to state 61
    T_IntConstant     shift, and go to state 62
    T_DoubleConstant  shift, and go to state 63
    T_BoolConstant    shift, and go to state 64
    '-'               shift, and go to state 65
    '!'               shift, and go to state 66
    '('               shift, and go to state 67

    Constant  go to state 73
    Call      go to state 80
    LValue    go to state 81
    Expr      go to state 185


State 174

   49 IfStmt: T_If '(' Expr ')' . Stmt ElseStmt

    T_Null            shift, and go to state 48
    T_This            shift, and go to state 49
    T_While           shift, and go to state 50
    T_For             shift, and go to state 51
    T_If              shift, and go to state 52
    T_Return          shift, and go to state 53
    T_Break           shift, and go to state 54
    T_New             shift, and go to state 55
    T_NewArray        shift, and go to state 56
    T_Print           shift, and go to state 57
    T_ReadInteger     shift, and go to state 58
    T_ReadLine        shift, and go to state 59
    T_Identifier      shift, and go to state 97
    T_StringConstant  shift, and go to state 61
    T_IntConstant     shift, and go to state 62
    T_DoubleConstant  shift, and go to state 63
    T_BoolConstant    shift, and go to state 64
    '-'               shift, and go to state 65
    '!'               shift, and go to state 66
    '('               shift, and go to state 67
    '{'               shift, and go to state 27

    StmtBlock   go to state 69
    Stmt        go to state 186
    Constant    go to state 73
    IfStmt      go to state 74
    WhileStmt   go to state 75
    ForStmt     go to state 76
    ReturnStmt  go to state 77
    BreakStmt   go to state 78
    PrintStmt   go to state 79
    Call        go to state 80
    LValue      go to state 81
    Expr        go to state 82


State 175

   73 Expr: T_New '(' T_Identifier ')' .

    $default  reduce using rule 73 (Expr)


State 176

   74 Expr: T_NewArray '(' Expr ',' . Type ')'

    T_Bool        shift, and go to state 2
    T_Int         shift, and go to state 3
    T_Double      shift, and go to state 4
    T_String      shift, and go to state 5
    T_Identifier  shift, and go to state 8

    Type  go to state 187


State 177

   56 PrintStmt: T_Print '(' ExprList ')' . ';'

    ';'  shift, and go to state 188


State 178

   31 ExprList: ExprList ',' . Expr
   94         | ExprList ',' . Expr

    T_Null            shift, and go to state 48
    T_This            shift, and go to state 49
    T_New             shift, and go to state 55
    T_NewArray        shift, and go to state 56
    T_ReadInteger     shift, and go to state 58
    T_ReadLine        shift, and go to state 59
    T_Identifier      shift, and go to state 97
    T_StringConstant  shift, and go to state 61
    T_IntConstant     shift, and go to state 62
    T_DoubleConstant  shift, and go to state 63
    T_BoolConstant    shift, and go to state 64
    '-'               shift, and go to state 65
    '!'               shift, and go to state 66
    '('               shift, and go to state 67

    Constant  go to state 73
    Call      go to state 80
    LValue    go to state 81
    Expr      go to state 189


State 179

   59 Call: T_Identifier '(' Actuals ')' .

    $default  reduce using rule 59 (Call)


State 180

   62 LValue: Expr '[' Expr ']' .

    $default  reduce using rule 62 (LValue)


State 181

   60 Call: Expr '.' T_Identifier '(' . Actuals ')'

    T_Null            shift, and go to state 48
    T_This            shift, and go to state 49
    T_New             shift, and go to state 55
    T_NewArray        shift, and go to state 56
    T_ReadInteger     shift, and go to state 58
    T_ReadLine        shift, and go to state 59
    T_Identifier      shift, and go to state 97
    T_StringConstant  shift, and go to state 61
    T_IntConstant     shift, and go to state 62
    T_DoubleConstant  shift, and go to state 63
    T_BoolConstant    shift, and go to state 64
    '-'               shift, and go to state 65
    '!'               shift, and go to state 66
    '('               shift, and go to state 67

    $default  reduce using rule 91 (Actuals)

    ExprList  go to state 146
    Constant  go to state 73
    Call      go to state 80
    LValue    go to state 81
    Expr      go to state 143
    Actuals   go to state 190


State 182

  108 Prototype: T_Void T_Identifier '(' Formals ')' . ';'

    ';'  shift, and go to state 191


State 183

  107 Prototype: Type T_Identifier '(' Formals ')' . ';'

    ';'  shift, and go to state 192


State 184

   52 WhileStmt: T_While '(' Expr ')' Stmt .

    $default  reduce using rule 52 (WhileStmt)


State 185

   53 ForStmt: T_For '(' PossExpr ';' Expr . ';' PossExpr ')' Stmt
   60 Call: Expr . '.' T_Identifier '(' Actuals ')'
   61 LValue: Expr . '.' T_Identifier
   62       | Expr . '[' Expr ']'
   75 Expr: Expr . '=' Expr
   76     | Expr . '+' Expr
   77     | Expr . '-' Expr
   78     | Expr . '*' Expr
   79     | Expr . '/' Expr
   80     | Expr . '%' Expr
   81     | Expr . '<' Expr
   82     | Expr . T_LessEqual Expr
   83     | Expr . '>' Expr
   84     | Expr . T_GreaterEqual Expr
   85     | Expr . T_Equal Expr
   86     | Expr . T_NotEqual Expr
   87     | Expr . T_And Expr
   88     | Expr . T_Or Expr

    '='             shift, and go to state 114
    T_Or            shift, and go to state 115
    T_And           shift, and go to state 116
    T_Equal         shift, and go to state 117
    T_NotEqual      shift, and go to state 118
    '<'             shift, and go to state 119
    T_LessEqual     shift, and go to state 120
    '>'             shift, and go to state 121
    T_GreaterEqual  shift, and go to state 122
    '+'             shift, and go to state 123
    '-'             shift, and go to state 124
    '*'             shift, and go to state 125
    '/'             shift, and go to state 126
    '%'             shift, and go to state 127
    '['             shift, and go to state 128
    '.'             shift, and go to state 129
    ';'             shift, and go to state 193


State 186

   49 IfStmt: T_If '(' Expr ')' Stmt . ElseStmt

    T_Else  shift, and go to state 194

    $default  reduce using rule 51 (ElseStmt)

    ElseStmt  go to state 195


State 187

   15 Type: Type . T_Dims
   74 Expr: T_NewArray '(' Expr ',' Type . ')'

    T_Dims  shift, and go to state 25
    ')'     shift, and go to state 196


State 188

   56 PrintStmt: T_Print '(' ExprList ')' ';' .

    $default  reduce using rule 56 (PrintStmt)


State 189

   31 ExprList: ExprList ',' Expr .
   60 Call: Expr . '.' T_Identifier '(' Actuals ')'
   61 LValue: Expr . '.' T_Identifier
   62       | Expr . '[' Expr ']'
   75 Expr: Expr . '=' Expr
   76     | Expr . '+' Expr
   77     | Expr . '-' Expr
   78     | Expr . '*' Expr
   79     | Expr . '/' Expr
   80     | Expr . '%' Expr
   81     | Expr . '<' Expr
   82     | Expr . T_LessEqual Expr
   83     | Expr . '>' Expr
   84     | Expr . T_GreaterEqual Expr
   85     | Expr . T_Equal Expr
   86     | Expr . T_NotEqual Expr
   87     | Expr . T_And Expr
   88     | Expr . T_Or Expr
   94 ExprList: ExprList ',' Expr .

    '='             shift, and go to state 114
    T_Or            shift, and go to state 115
    T_And           shift, and go to state 116
    T_Equal         shift, and go to state 117
    T_NotEqual      shift, and go to state 118
    '<'             shift, and go to state 119
    T_LessEqual     shift, and go to state 120
    '>'             shift, and go to state 121
    T_GreaterEqual  shift, and go to state 122
    '+'             shift, and go to state 123
    '-'             shift, and go to state 124
    '*'             shift, and go to state 125
    '/'             shift, and go to state 126
    '%'             shift, and go to state 127
    '['             shift, and go to state 128
    '.'             shift, and go to state 129

    ')'       reduce using rule 31 (ExprList)
    ')'       [reduce using rule 94 (ExprList)]
    ','       reduce using rule 31 (ExprList)
    ','       [reduce using rule 94 (ExprList)]
    $default  reduce using rule 31 (ExprList)


State 190

   60 Call: Expr '.' T_Identifier '(' Actuals . ')'

    ')'  shift, and go to state 197


State 191

  108 Prototype: T_Void T_Identifier '(' Formals ')' ';' .

    $default  reduce using rule 108 (Prototype)


State 192

  107 Prototype: Type T_Identifier '(' Formals ')' ';' .

    $default  reduce using rule 107 (Prototype)


State 193

   53 ForStmt: T_For '(' PossExpr ';' Expr ';' . PossExpr ')' Stmt

    T_Null            shift, and go to state 48
    T_This            shift, and go to state 49
    T_New             shift, and go to state 55
    T_NewArray        shift, and go to state 56
    T_ReadInteger     shift, and go to state 58
    T_ReadLine        shift, and go to state 59
    T_Identifier      shift, and go to state 97
    T_StringConstant  shift, and go to state 61
    T_IntConstant     shift, and go to state 62
    T_DoubleConstant  shift, and go to state 63
    T_BoolConstant    shift, and go to state 64
    '-'               shift, and go to state 65
    '!'               shift, and go to state 66
    '('               shift, and go to state 67

    $default  reduce using rule 58 (PossExpr)

    Constant  go to state 73
    PossExpr  go to state 198
    Call      go to state 80
    LValue    go to state 81
    Expr      go to state 99


State 194

   50 ElseStmt: T_Else . Stmt

    T_Null            shift, and go to state 48
    T_This            shift, and go to state 49
    T_While           shift, and go to state 50
    T_For             shift, and go to state 51
    T_If              shift, and go to state 52
    T_Return          shift, and go to state 53
    T_Break           shift, and go to state 54
    T_New             shift, and go to state 55
    T_NewArray        shift, and go to state 56
    T_Print           shift, and go to state 57
    T_ReadInteger     shift, and go to state 58
    T_ReadLine        shift, and go to state 59
    T_Identifier      shift, and go to state 97
    T_StringConstant  shift, and go to state 61
    T_IntConstant     shift, and go to state 62
    T_DoubleConstant  shift, and go to state 63
    T_BoolConstant    shift, and go to state 64
    '-'               shift, and go to state 65
    '!'               shift, and go to state 66
    '('               shift, and go to state 67
    '{'               shift, and go to state 27

    StmtBlock   go to state 69
    Stmt        go to state 199
    Constant    go to state 73
    IfStmt      go to state 74
    WhileStmt   go to state 75
    ForStmt     go to state 76
    ReturnStmt  go to state 77
    BreakStmt   go to state 78
    PrintStmt   go to state 79
    Call        go to state 80
    LValue      go to state 81
    Expr        go to state 82


State 195

   49 IfStmt: T_If '(' Expr ')' Stmt ElseStmt .

    $default  reduce using rule 49 (IfStmt)


State 196

   74 Expr: T_NewArray '(' Expr ',' Type ')' .

    $default  reduce using rule 74 (Expr)


State 197

   60 Call: Expr '.' T_Identifier '(' Actuals ')' .

    $default  reduce using rule 60 (Call)


State 198

   53 ForStmt: T_For '(' PossExpr ';' Expr ';' PossExpr . ')' Stmt

    ')'  shift, and go to state 200


State 199

   50 ElseStmt: T_Else Stmt .

    $default  reduce using rule 50 (ElseStmt)


State 200

   53 ForStmt: T_For '(' PossExpr ';' Expr ';' PossExpr ')' . Stmt

    T_Null            shift, and go to state 48
    T_This            shift, and go to state 49
    T_While           shift, and go to state 50
    T_For             shift, and go to state 51
    T_If              shift, and go to state 52
    T_Return          shift, and go to state 53
    T_Break           shift, and go to state 54
    T_New             shift, and go to state 55
    T_NewArray        shift, and go to state 56
    T_Print           shift, and go to state 57
    T_ReadInteger     shift, and go to state 58
    T_ReadLine        shift, and go to state 59
    T_Identifier      shift, and go to state 97
    T_StringConstant  shift, and go to state 61
    T_IntConstant     shift, and go to state 62
    T_DoubleConstant  shift, and go to state 63
    T_BoolConstant    shift, and go to state 64
    '-'               shift, and go to state 65
    '!'               shift, and go to state 66
    '('               shift, and go to state 67
    '{'               shift, and go to state 27

    StmtBlock   go to state 69
    Stmt        go to state 201
    Constant    go to state 73
    IfStmt      go to state 74
    WhileStmt   go to state 75
    ForStmt     go to state 76
    ReturnStmt  go to state 77
    BreakStmt   go to state 78
    PrintStmt   go to state 79
    Call        go to state 80
    LValue      go to state 81
    Expr        go to state 82


State 201

   53 ForStmt: T_For '(' PossExpr ';' Expr ';' PossExpr ')' Stmt .

    $default  reduce using rule 53 (ForStmt)
